[debug] [2025-04-07T17:48:34.088Z] ----------------------------------------------------------------------
[debug] [2025-04-07T17:48:34.091Z] Command:       C:\Program Files\nodejs\node.exe C:\Users\Malith Edirisinghe\AppData\Roaming\npm\node_modules\firebase-tools\lib\bin\firebase.js init
[debug] [2025-04-07T17:48:34.091Z] CLI Version:   14.1.0
[debug] [2025-04-07T17:48:34.091Z] Platform:      win32
[debug] [2025-04-07T17:48:34.092Z] Node Version:  v20.14.0
[debug] [2025-04-07T17:48:34.092Z] Time:          Mon Apr 07 2025 23:18:34 GMT+0530 (India Standard Time)
[debug] [2025-04-07T17:48:34.092Z] ----------------------------------------------------------------------
[debug] 
[debug] [2025-04-07T17:48:34.098Z] > command requires scopes: ["email","openid","https://www.googleapis.com/auth/cloudplatformprojects.readonly","https://www.googleapis.com/auth/firebase","https://www.googleapis.com/auth/cloud-platform"]
[debug] [2025-04-07T17:48:34.099Z] > authorizing via signed-in user (malithedirisinghe98@gmail.com)
[info] 
     ######## #### ########  ######## ########     ###     ######  ########
     ##        ##  ##     ## ##       ##     ##  ##   ##  ##       ##
     ######    ##  ########  ######   ########  #########  ######  ######
     ##        ##  ##    ##  ##       ##     ## ##     ##       ## ##
     ##       #### ##     ## ######## ########  ##     ##  ######  ########

You're about to initialize a Firebase project in this directory:

  D:\Project\leo-medical-pos

[info] 
=== Project Setup
[info] 
[info] First, let's associate this project directory with a Firebase project.
[info] You can create multiple project aliases by running firebase use --add, 
[info] but for now we'll just set up a default project.
[info] 
[info] i  If you want to create a project in a Google Cloud organization or folder, please use "firebase projects:create" instead, and return to this command when you've created the project. 
[debug] [2025-04-07T17:52:06.436Z] Checked if tokens are valid: true, expires at: 1744051438785
[debug] [2025-04-07T17:52:06.437Z] Checked if tokens are valid: true, expires at: 1744051438785
[debug] [2025-04-07T17:52:06.440Z] >>> [apiv2][query] POST https://cloudresourcemanager.googleapis.com/v1/projects [none]
[debug] [2025-04-07T17:52:06.440Z] >>> [apiv2][body] POST https://cloudresourcemanager.googleapis.com/v1/projects {"projectId":"leo-pos medical-pos@1990","name":"leo-pos medical-pos@1990"}
[debug] [2025-04-07T17:52:08.283Z] <<< [apiv2][status] POST https://cloudresourcemanager.googleapis.com/v1/projects 400
[debug] [2025-04-07T17:52:08.284Z] <<< [apiv2][body] POST https://cloudresourcemanager.googleapis.com/v1/projects {"error":{"code":400,"message":"Request contains an invalid argument.","status":"INVALID_ARGUMENT","details":[{"@type":"type.googleapis.com/google.rpc.BadRequest","fieldViolations":[{"field":"project_id","description":"project_id contains invalid characters"},{"field":"display_name","description":"project display name contains invalid characters"}]},{"@type":"type.googleapis.com/google.rpc.Help","links":[{"url":"https://cloud.google.com/resource-manager/reference/rest/v1/projects"}]}]}}
[debug] [2025-04-07T17:52:08.291Z] FirebaseError: Request to https://cloudresourcemanager.googleapis.com/v1/projects had HTTP Error: 400, Request contains an invalid argument.
    at responseToError (C:\Users\Malith Edirisinghe\AppData\Roaming\npm\node_modules\firebase-tools\lib\responseToError.js:52:12)
    at RetryOperation._fn (C:\Users\Malith Edirisinghe\AppData\Roaming\npm\node_modules\firebase-tools\lib\apiv2.js:312:77)
    at process.processTicksAndRejections (node:internal/process/task_queues:95:5)
[error] 
[error] Error: Failed to create project. See firebase-debug.log for more info.
